Arguments: 
  /Users/stephen/.nvm/versions/node/v12.7.0/bin/node /Users/stephen/.nvm/versions/node/v12.7.0/bin/yarn init

PATH: 
  /Users/stephen/.nvm/versions/node/v12.7.0/bin:/usr/local/bin:/usr/bin:/bin:/usr/sbin:/sbin:/Library/Apple/usr/bin:/Library/Apple/bin:/usr/local/go/bin:/Users/stephen/.rvm/bin

Yarn version: 
  1.17.3

Node version: 
  12.7.0

Platform: 
  darwin x64

Trace: 
  Error: canceled
      at Interface.<anonymous> (/Users/stephen/.nvm/versions/node/v12.7.0/lib/node_modules/yarn/lib/cli.js:136724:13)
      at Interface.emit (events.js:203:13)
      at Interface._ttyWrite (readline.js:880:16)
      at ReadStream.onkeypress (readline.js:191:10)
      at ReadStream.emit (events.js:203:13)
      at emitKeys (internal/readline/utils.js:414:14)
      at emitKeys.next (<anonymous>)
      at ReadStream.onData (readline.js:1146:36)
      at ReadStream.emit (events.js:203:13)
      at addChunk (_stream_readable.js:294:12)

npm manifest: 
  No manifest

yarn manifest: 
  No manifest

Lockfile: 
  No lockfile
